<?xml version="1.0" encoding="UTF-8"?>
<testsuite xmlns:xsi="http://www.w3.org/2001/XMLSchema-instance" xsi:noNamespaceSchemaLocation="https://maven.apache.org/surefire/maven-surefire-plugin/xsd/surefire-test-report.xsd" name="br.com.restassuredapitesting.runners.Contract" time="60.744" tests="2" errors="0" skipped="0" failures="0">
  <properties>
[...]
</properties>
  <testcase name="garantirContratoListaReserva" classname="br.com.restassuredapitesting.tests.booking.tests.GetBookingTest" time="57.912"/>
  <testcase name="garantirContratoListaReservaEspecifica" classname="br.com.restassuredapitesting.tests.booking.tests.GetBookingTest" time="1.158"/>
</testsuite>